<?xml version="1.0" encoding="UTF-8"?>
<testsuite name="com.example.companyverifier.CompanyVerifierApplicationTests" tests="1" skipped="0" failures="0" errors="0" timestamp="2025-04-06T14:50:39.389Z" hostname="C8136" time="0.494">
  <properties/>
  <testcase name="contextLoads()" classname="com.example.companyverifier.CompanyVerifierApplicationTests" time="0.494"/>
  <system-out><![CDATA[16:50:36.612 [Test worker] INFO org.springframework.test.context.support.AnnotationConfigContextLoaderUtils -- Could not detect default configuration classes for test class [com.example.companyverifier.CompanyVerifierApplicationTests]: CompanyVerifierApplicationTests does not declare any static, non-private, non-final, nested classes annotated with @Configuration.
16:50:36.703 [Test worker] INFO org.springframework.boot.test.context.SpringBootTestContextBootstrapper -- Found @SpringBootConfiguration com.example.companyverifier.CompanyVerifierApplication for test class com.example.companyverifier.CompanyVerifierApplicationTests

  .   ____          _            __ _ _
 /\\ / ___'_ __ _ _(_)_ __  __ _ \ \ \ \
( ( )\___ | '_ | '_| | '_ \/ _` | \ \ \ \
 \\/  ___)| |_)| | | | | || (_| |  ) ) ) )
  '  |____| .__|_| |_|_| |_\__, | / / / /
 =========|_|==============|___/=/_/_/_/

 :: Spring Boot ::                (v3.4.4)

2025-04-06T16:50:37.099+02:00  INFO 23138 --- [    Test worker] c.e.c.CompanyVerifierApplicationTests    : Starting CompanyVerifierApplicationTests using Java 17.0.2 with PID 23138 (started by majamilojkovic in /Users/majamilojkovic/IdeaProjects/company-verification-service)
2025-04-06T16:50:37.101+02:00  INFO 23138 --- [    Test worker] c.e.c.CompanyVerifierApplicationTests    : No active profile set, falling back to 1 default profile: "default"
2025-04-06T16:50:37.656+02:00  INFO 23138 --- [    Test worker] .s.d.r.c.RepositoryConfigurationDelegate : Bootstrapping Spring Data JPA repositories in DEFAULT mode.
2025-04-06T16:50:37.676+02:00  INFO 23138 --- [    Test worker] .s.d.r.c.RepositoryConfigurationDelegate : Finished Spring Data repository scanning in 12 ms. Found 0 JPA repository interfaces.
2025-04-06T16:50:37.983+02:00  INFO 23138 --- [    Test worker] com.zaxxer.hikari.HikariDataSource       : HikariPool-1 - Starting...
2025-04-06T16:50:38.115+02:00  INFO 23138 --- [    Test worker] com.zaxxer.hikari.pool.HikariPool        : HikariPool-1 - Added connection conn0: url=jdbc:h2:mem:3b4e3225-dbb6-480e-a743-073ed2f24e2f user=SA
2025-04-06T16:50:38.117+02:00  INFO 23138 --- [    Test worker] com.zaxxer.hikari.HikariDataSource       : HikariPool-1 - Start completed.
2025-04-06T16:50:38.158+02:00  INFO 23138 --- [    Test worker] o.hibernate.jpa.internal.util.LogHelper  : HHH000204: Processing PersistenceUnitInfo [name: default]
2025-04-06T16:50:38.218+02:00  INFO 23138 --- [    Test worker] org.hibernate.Version                    : HHH000412: Hibernate ORM core version 6.6.11.Final
2025-04-06T16:50:38.264+02:00  INFO 23138 --- [    Test worker] o.h.c.internal.RegionFactoryInitiator    : HHH000026: Second-level cache disabled
2025-04-06T16:50:38.534+02:00  INFO 23138 --- [    Test worker] o.s.o.j.p.SpringPersistenceUnitInfo      : No LoadTimeWeaver setup: ignoring JPA class transformer
2025-04-06T16:50:38.597+02:00  INFO 23138 --- [    Test worker] org.hibernate.orm.connections.pooling    : HHH10001005: Database info:
	Database JDBC URL [Connecting through datasource 'HikariDataSource (HikariPool-1)']
	Database driver: undefined/unknown
	Database version: 2.3.232
	Autocommit mode: undefined/unknown
	Isolation level: undefined/unknown
	Minimum pool size: undefined/unknown
	Maximum pool size: undefined/unknown
2025-04-06T16:50:38.901+02:00  INFO 23138 --- [    Test worker] o.h.e.t.j.p.i.JtaPlatformInitiator       : HHH000489: No JTA platform available (set 'hibernate.transaction.jta.platform' to enable JTA platform integration)
2025-04-06T16:50:38.905+02:00  INFO 23138 --- [    Test worker] j.LocalContainerEntityManagerFactoryBean : Initialized JPA EntityManagerFactory for persistence unit 'default'
2025-04-06T16:50:39.029+02:00  WARN 23138 --- [    Test worker] JpaBaseConfiguration$JpaWebConfiguration : spring.jpa.open-in-view is enabled by default. Therefore, database queries may be performed during view rendering. Explicitly configure spring.jpa.open-in-view to disable this warning
2025-04-06T16:50:39.377+02:00  INFO 23138 --- [    Test worker] c.e.c.CompanyVerifierApplicationTests    : Started CompanyVerifierApplicationTests in 2.543 seconds (process running for 3.602)
]]></system-out>
  <system-err><![CDATA[]]></system-err>
</testsuite>
