<?xml version="1.0" encoding="UTF-8"?>
<testsuite name="com.example.companyverifier.thirdparty.premium.service.PremiumCompanyServiceTest" tests="2" skipped="0" failures="0" errors="0" timestamp="2025-04-06T19:55:24.721Z" hostname="C8136" time="0.007">
  <properties/>
  <testcase name="shouldReturnEmptyListWhenNoMatchingCompanyFound()" classname="com.example.companyverifier.thirdparty.premium.service.PremiumCompanyServiceTest" time="0.004"/>
  <testcase name="shouldReturnMatchingCompaniesByCinQuery()" classname="com.example.companyverifier.thirdparty.premium.service.PremiumCompanyServiceTest" time="0.002"/>
  <system-out><![CDATA[]]></system-out>
  <system-err><![CDATA[]]></system-err>
</testsuite>
