<?xml version="1.0" encoding="UTF-8"?>
<testsuite name="com.example.companyverifier.thirdparty.free.service.FreeCompanyDataProviderTest" tests="1" skipped="0" failures="0" errors="0" timestamp="2025-04-06T17:14:33.246Z" hostname="C8136" time="0.011">
  <properties/>
  <testcase name="shouldLoadCompaniesFromJson()" classname="com.example.companyverifier.thirdparty.free.service.FreeCompanyDataProviderTest" time="0.011"/>
  <system-out><![CDATA[]]></system-out>
  <system-err><![CDATA[]]></system-err>
</testsuite>
