<?xml version="1.0" encoding="UTF-8"?>
<testsuite name="com.example.companyverifier.CompanyVerifierApplicationTests" tests="1" skipped="0" failures="0" errors="0" timestamp="2025-04-06T19:55:24.012Z" hostname="C8136" time="0.693">
  <properties/>
  <testcase name="contextLoads()" classname="com.example.companyverifier.CompanyVerifierApplicationTests" time="0.693"/>
  <system-out><![CDATA[21:55:21.272 [Test worker] INFO org.springframework.test.context.support.AnnotationConfigContextLoaderUtils -- Could not detect default configuration classes for test class [com.example.companyverifier.CompanyVerifierApplicationTests]: CompanyVerifierApplicationTests does not declare any static, non-private, non-final, nested classes annotated with @Configuration.
21:55:21.383 [Test worker] INFO org.springframework.boot.test.context.SpringBootTestContextBootstrapper -- Found @SpringBootConfiguration com.example.companyverifier.CompanyVerifierApplication for test class com.example.companyverifier.CompanyVerifierApplicationTests

  .   ____          _            __ _ _
 /\\ / ___'_ __ _ _(_)_ __  __ _ \ \ \ \
( ( )\___ | '_ | '_| | '_ \/ _` | \ \ \ \
 \\/  ___)| |_)| | | | | || (_| |  ) ) ) )
  '  |____| .__|_| |_|_| |_\__, | / / / /
 =========|_|==============|___/=/_/_/_/

 :: Spring Boot ::                (v3.4.4)

2025-04-06T21:55:21.782+02:00  INFO 35768 --- [    Test worker] c.e.c.CompanyVerifierApplicationTests    : Starting CompanyVerifierApplicationTests using Java 17.0.2 with PID 35768 (started by majamilojkovic in /Users/majamilojkovic/IdeaProjects/company-verification-service)
2025-04-06T21:55:21.784+02:00  INFO 35768 --- [    Test worker] c.e.c.CompanyVerifierApplicationTests    : No active profile set, falling back to 1 default profile: "default"
2025-04-06T21:55:22.344+02:00  INFO 35768 --- [    Test worker] .s.d.r.c.RepositoryConfigurationDelegate : Bootstrapping Spring Data JPA repositories in DEFAULT mode.
2025-04-06T21:55:22.367+02:00  INFO 35768 --- [    Test worker] .s.d.r.c.RepositoryConfigurationDelegate : Finished Spring Data repository scanning in 14 ms. Found 0 JPA repository interfaces.
2025-04-06T21:55:22.649+02:00  INFO 35768 --- [    Test worker] com.zaxxer.hikari.HikariDataSource       : HikariPool-1 - Starting...
2025-04-06T21:55:22.785+02:00  INFO 35768 --- [    Test worker] com.zaxxer.hikari.pool.HikariPool        : HikariPool-1 - Added connection conn0: url=jdbc:h2:mem:a2048c5e-e06d-4e23-8f90-30a61f11549a user=SA
2025-04-06T21:55:22.787+02:00  INFO 35768 --- [    Test worker] com.zaxxer.hikari.HikariDataSource       : HikariPool-1 - Start completed.
2025-04-06T21:55:22.829+02:00  INFO 35768 --- [    Test worker] o.hibernate.jpa.internal.util.LogHelper  : HHH000204: Processing PersistenceUnitInfo [name: default]
2025-04-06T21:55:22.867+02:00  INFO 35768 --- [    Test worker] org.hibernate.Version                    : HHH000412: Hibernate ORM core version 6.6.11.Final
2025-04-06T21:55:22.894+02:00  INFO 35768 --- [    Test worker] o.h.c.internal.RegionFactoryInitiator    : HHH000026: Second-level cache disabled
2025-04-06T21:55:23.111+02:00  INFO 35768 --- [    Test worker] o.s.o.j.p.SpringPersistenceUnitInfo      : No LoadTimeWeaver setup: ignoring JPA class transformer
2025-04-06T21:55:23.174+02:00  INFO 35768 --- [    Test worker] org.hibernate.orm.connections.pooling    : HHH10001005: Database info:
	Database JDBC URL [Connecting through datasource 'HikariDataSource (HikariPool-1)']
	Database driver: undefined/unknown
	Database version: 2.3.232
	Autocommit mode: undefined/unknown
	Isolation level: undefined/unknown
	Minimum pool size: undefined/unknown
	Maximum pool size: undefined/unknown
2025-04-06T21:55:23.417+02:00  INFO 35768 --- [    Test worker] o.h.e.t.j.p.i.JtaPlatformInitiator       : HHH000489: No JTA platform available (set 'hibernate.transaction.jta.platform' to enable JTA platform integration)
2025-04-06T21:55:23.421+02:00  INFO 35768 --- [    Test worker] j.LocalContainerEntityManagerFactoryBean : Initialized JPA EntityManagerFactory for persistence unit 'default'
2025-04-06T21:55:23.665+02:00  WARN 35768 --- [    Test worker] JpaBaseConfiguration$JpaWebConfiguration : spring.jpa.open-in-view is enabled by default. Therefore, database queries may be performed during view rendering. Explicitly configure spring.jpa.open-in-view to disable this warning
2025-04-06T21:55:23.998+02:00  INFO 35768 --- [    Test worker] c.e.c.CompanyVerifierApplicationTests    : Started CompanyVerifierApplicationTests in 2.479 seconds (process running for 3.525)
]]></system-out>
  <system-err><![CDATA[]]></system-err>
</testsuite>
