<?xml version="1.0" encoding="UTF-8"?>
<testsuite name="com.example.companyverifier.CompanyVerifierApplicationTests" tests="1" skipped="0" failures="0" errors="0" timestamp="2025-04-06T17:14:32.618Z" hostname="C8136" time="0.623">
  <properties/>
  <testcase name="contextLoads()" classname="com.example.companyverifier.CompanyVerifierApplicationTests" time="0.623"/>
  <system-out><![CDATA[19:14:29.961 [Test worker] INFO org.springframework.test.context.support.AnnotationConfigContextLoaderUtils -- Could not detect default configuration classes for test class [com.example.companyverifier.CompanyVerifierApplicationTests]: CompanyVerifierApplicationTests does not declare any static, non-private, non-final, nested classes annotated with @Configuration.
19:14:30.068 [Test worker] INFO org.springframework.boot.test.context.SpringBootTestContextBootstrapper -- Found @SpringBootConfiguration com.example.companyverifier.CompanyVerifierApplication for test class com.example.companyverifier.CompanyVerifierApplicationTests

  .   ____          _            __ _ _
 /\\ / ___'_ __ _ _(_)_ __  __ _ \ \ \ \
( ( )\___ | '_ | '_| | '_ \/ _` | \ \ \ \
 \\/  ___)| |_)| | | | | || (_| |  ) ) ) )
  '  |____| .__|_| |_|_| |_\__, | / / / /
 =========|_|==============|___/=/_/_/_/

 :: Spring Boot ::                (v3.4.4)

2025-04-06T19:14:30.565+02:00  INFO 29181 --- [    Test worker] c.e.c.CompanyVerifierApplicationTests    : Starting CompanyVerifierApplicationTests using Java 17.0.2 with PID 29181 (started by majamilojkovic in /Users/majamilojkovic/IdeaProjects/company-verification-service)
2025-04-06T19:14:30.566+02:00  INFO 29181 --- [    Test worker] c.e.c.CompanyVerifierApplicationTests    : No active profile set, falling back to 1 default profile: "default"
2025-04-06T19:14:31.107+02:00  INFO 29181 --- [    Test worker] .s.d.r.c.RepositoryConfigurationDelegate : Bootstrapping Spring Data JPA repositories in DEFAULT mode.
2025-04-06T19:14:31.129+02:00  INFO 29181 --- [    Test worker] .s.d.r.c.RepositoryConfigurationDelegate : Finished Spring Data repository scanning in 13 ms. Found 0 JPA repository interfaces.
2025-04-06T19:14:31.379+02:00  INFO 29181 --- [    Test worker] com.zaxxer.hikari.HikariDataSource       : HikariPool-1 - Starting...
2025-04-06T19:14:31.510+02:00  INFO 29181 --- [    Test worker] com.zaxxer.hikari.pool.HikariPool        : HikariPool-1 - Added connection conn0: url=jdbc:h2:mem:0ecdc0af-3b59-497c-938b-46da957c7441 user=SA
2025-04-06T19:14:31.513+02:00  INFO 29181 --- [    Test worker] com.zaxxer.hikari.HikariDataSource       : HikariPool-1 - Start completed.
2025-04-06T19:14:31.552+02:00  INFO 29181 --- [    Test worker] o.hibernate.jpa.internal.util.LogHelper  : HHH000204: Processing PersistenceUnitInfo [name: default]
2025-04-06T19:14:31.590+02:00  INFO 29181 --- [    Test worker] org.hibernate.Version                    : HHH000412: Hibernate ORM core version 6.6.11.Final
2025-04-06T19:14:31.617+02:00  INFO 29181 --- [    Test worker] o.h.c.internal.RegionFactoryInitiator    : HHH000026: Second-level cache disabled
2025-04-06T19:14:31.828+02:00  INFO 29181 --- [    Test worker] o.s.o.j.p.SpringPersistenceUnitInfo      : No LoadTimeWeaver setup: ignoring JPA class transformer
2025-04-06T19:14:31.892+02:00  INFO 29181 --- [    Test worker] org.hibernate.orm.connections.pooling    : HHH10001005: Database info:
	Database JDBC URL [Connecting through datasource 'HikariDataSource (HikariPool-1)']
	Database driver: undefined/unknown
	Database version: 2.3.232
	Autocommit mode: undefined/unknown
	Isolation level: undefined/unknown
	Minimum pool size: undefined/unknown
	Maximum pool size: undefined/unknown
2025-04-06T19:14:32.127+02:00  INFO 29181 --- [    Test worker] o.h.e.t.j.p.i.JtaPlatformInitiator       : HHH000489: No JTA platform available (set 'hibernate.transaction.jta.platform' to enable JTA platform integration)
2025-04-06T19:14:32.130+02:00  INFO 29181 --- [    Test worker] j.LocalContainerEntityManagerFactoryBean : Initialized JPA EntityManagerFactory for persistence unit 'default'
2025-04-06T19:14:32.339+02:00  WARN 29181 --- [    Test worker] JpaBaseConfiguration$JpaWebConfiguration : spring.jpa.open-in-view is enabled by default. Therefore, database queries may be performed during view rendering. Explicitly configure spring.jpa.open-in-view to disable this warning
2025-04-06T19:14:32.606+02:00  INFO 29181 --- [    Test worker] c.e.c.CompanyVerifierApplicationTests    : Started CompanyVerifierApplicationTests in 2.411 seconds (process running for 3.453)
]]></system-out>
  <system-err><![CDATA[]]></system-err>
</testsuite>
